# JRE version: OpenJDK Runtime Environment (8.0_242-b01) (build 1.8.0_242-release-1644-b01)
# Java VM: OpenJDK 64-Bit Server VM (25.242-b01 mixed mode windows-amd64 compressed oops)
Heap:
 PSYoungGen      total 56832K, used 5090K [0x00000000e0000000, 0x00000000e5980000, 0x0000000100000000)
  eden space 51712K, 0% used [0x00000000e0000000,0x00000000e0000000,0x00000000e3280000)
  from space 5120K, 99% used [0x00000000e4100000,0x00000000e45f8930,0x00000000e4600000)
  to   space 14848K, 0% used [0x00000000e3280000,0x00000000e3280000,0x00000000e4100000)
 ParOldGen       total 90112K, used 31661K [0x00000000a0000000, 0x00000000a5800000, 0x00000000e0000000)
  object space 90112K, 35% used [0x00000000a0000000,0x00000000a1eeb610,0x00000000a5800000)
 Metaspace       used 41436K, capacity 42001K, committed 42240K, reserved 1091584K
  class space    used 5233K, capacity 5370K, committed 5376K, reserved 1048576K
GC Heap History (10 events):
Event: 13.854 GC heap after
Heap after GC invocations=7 (full 2):
 PSYoungGen      total 37888K, used 5105K [0x00000000e0000000, 0x00000000e4600000, 0x0000000100000000)
  eden space 32768K, 0% used [0x00000000e0000000,0x00000000e0000000,0x00000000e2000000)
  from space 5120K, 99% used [0x00000000e2000000,0x00000000e24fc518,0x00000000e2500000)
  to   space 5120K, 0% used [0x00000000e4100000,0x00000000e4100000,0x00000000e4600000)
 ParOldGen       total 55296K, used 19340K [0x00000000a0000000, 0x00000000a3600000, 0x00000000e0000000)
  object space 55296K, 34% used [0x00000000a0000000,0x00000000a12e32e8,0x00000000a3600000)
 Metaspace       used 30327K, capacity 30790K, committed 31232K, reserved 1077248K
  class space    used 3857K, capacity 3997K, committed 4096K, reserved 1048576K
}
Event: 14.134 GC heap before
{Heap before GC invocations=8 (full 2):
 PSYoungGen      total 37888K, used 29745K [0x00000000e0000000, 0x00000000e4600000, 0x0000000100000000)
  eden space 32768K, 75% used [0x00000000e0000000,0x00000000e1810118,0x00000000e2000000)
  from space 5120K, 99% used [0x00000000e2000000,0x00000000e24fc518,0x00000000e2500000)
  to   space 5120K, 0% used [0x00000000e4100000,0x00000000e4100000,0x00000000e4600000)
 ParOldGen       total 55296K, used 19340K [0x00000000a0000000, 0x00000000a3600000, 0x00000000e0000000)
  object space 55296K, 34% used [0x00000000a0000000,0x00000000a12e32e8,0x00000000a3600000)
 Metaspace       used 34700K, capacity 35186K, committed 35496K, reserved 1081344K
  class space    used 4391K, capacity 4533K, committed 4608K, reserved 1048576K
Event: 14.140 GC heap after
Heap after GC invocations=8 (full 2):
 PSYoungGen      total 56832K, used 5105K [0x00000000e0000000, 0x00000000e5980000, 0x0000000100000000)
  eden space 51712K, 0% used [0x00000000e0000000,0x00000000e0000000,0x00000000e3280000)
  from space 5120K, 99% used [0x00000000e4100000,0x00000000e45fc518,0x00000000e4600000)
  to   space 14848K, 0% used [0x00000000e3280000,0x00000000e3280000,0x00000000e4100000)
 ParOldGen       total 55296K, used 25588K [0x00000000a0000000, 0x00000000a3600000, 0x00000000e0000000)
  object space 55296K, 46% used [0x00000000a0000000,0x00000000a18fd160,0x00000000a3600000)
 Metaspace       used 34700K, capacity 35186K, committed 35496K, reserved 1081344K
  class space    used 4391K, capacity 4533K, committed 4608K, reserved 1048576K
}
Event: 14.140 GC heap before
{Heap before GC invocations=9 (full 3):
 PSYoungGen      total 56832K, used 5105K [0x00000000e0000000, 0x00000000e5980000, 0x0000000100000000)
  eden space 51712K, 0% used [0x00000000e0000000,0x00000000e0000000,0x00000000e3280000)
  from space 5120K, 99% used [0x00000000e4100000,0x00000000e45fc518,0x00000000e4600000)
  to   space 14848K, 0% used [0x00000000e3280000,0x00000000e3280000,0x00000000e4100000)
 ParOldGen       total 55296K, used 25588K [0x00000000a0000000, 0x00000000a3600000, 0x00000000e0000000)
  object space 55296K, 46% used [0x00000000a0000000,0x00000000a18fd160,0x00000000a3600000)
 Metaspace       used 34700K, capacity 35186K, committed 35496K, reserved 1081344K
  class space    used 4391K, capacity 4533K, committed 4608K, reserved 1048576K
Event: 14.190 GC heap after
Heap after GC invocations=9 (full 3):
 PSYoungGen      total 56832K, used 0K [0x00000000e0000000, 0x00000000e5980000, 0x0000000100000000)
  eden space 51712K, 0% used [0x00000000e0000000,0x00000000e0000000,0x00000000e3280000)
  from space 5120K, 0% used [0x00000000e4100000,0x00000000e4100000,0x00000000e4600000)
  to   space 14848K, 0% used [0x00000000e3280000,0x00000000e3280000,0x00000000e4100000)
 ParOldGen       total 90112K, used 16897K [0x00000000a0000000, 0x00000000a5800000, 0x00000000e0000000)
  object space 90112K, 18% used [0x00000000a0000000,0x00000000a1080500,0x00000000a5800000)
 Metaspace       used 34700K, capacity 35186K, committed 35496K, reserved 1081344K
  class space    used 4391K, capacity 4533K, committed 4608K, reserved 1048576K
}
Event: 14.567 GC heap before
{Heap before GC invocations=10 (full 3):
 PSYoungGen      total 56832K, used 51712K [0x00000000e0000000, 0x00000000e5980000, 0x0000000100000000)
  eden space 51712K, 100% used [0x00000000e0000000,0x00000000e3280000,0x00000000e3280000)
  from space 5120K, 0% used [0x00000000e4100000,0x00000000e4100000,0x00000000e4600000)
  to   space 14848K, 0% used [0x00000000e3280000,0x00000000e3280000,0x00000000e4100000)
 ParOldGen       total 90112K, used 16897K [0x00000000a0000000, 0x00000000a5800000, 0x00000000e0000000)
  object space 90112K, 18% used [0x00000000a0000000,0x00000000a1080500,0x00000000a5800000)
 Metaspace       used 38109K, capacity 38628K, committed 39040K, reserved 1083392K
  class space    used 4786K, capacity 4930K, committed 4992K, reserved 1048576K
Event: 14.577 GC heap after
Heap after GC invocations=10 (full 3):
 PSYoungGen      total 66560K, used 14817K [0x00000000e0000000, 0x00000000e5980000, 0x0000000100000000)
  eden space 51712K, 0% used [0x00000000e0000000,0x00000000e0000000,0x00000000e3280000)
  from space 14848K, 99% used [0x00000000e3280000,0x00000000e40f86e8,0x00000000e4100000)
  to   space 5120K, 0% used [0x00000000e4100000,0x00000000e4100000,0x00000000e4600000)
 ParOldGen       total 90112K, used 16967K [0x00000000a0000000, 0x00000000a5800000, 0x00000000e0000000)
  object space 90112K, 18% used [0x00000000a0000000,0x00000000a1091cb0,0x00000000a5800000)
 Metaspace       used 38109K, capacity 38628K, committed 39040K, reserved 1083392K
  class space    used 4786K, capacity 4930K, committed 4992K, reserved 1048576K
}
Event: 15.002 GC heap before
{Heap before GC invocations=11 (full 3):
 PSYoungGen      total 66560K, used 59846K [0x00000000e0000000, 0x00000000e5980000, 0x0000000100000000)
  eden space 51712K, 87% used [0x00000000e0000000,0x00000000e2bf92b8,0x00000000e3280000)
  from space 14848K, 99% used [0x00000000e3280000,0x00000000e40f86e8,0x00000000e4100000)
  to   space 5120K, 0% used [0x00000000e4100000,0x00000000e4100000,0x00000000e4600000)
 ParOldGen       total 90112K, used 16967K [0x00000000a0000000, 0x00000000a5800000, 0x00000000e0000000)
  object space 90112K, 18% used [0x00000000a0000000,0x00000000a1091cb0,0x00000000a5800000)
 Metaspace       used 41436K, capacity 42001K, committed 42240K, reserved 1091584K
  class space    used 5233K, capacity 5370K, committed 5376K, reserved 1048576K
Event: 15.013 GC heap after
Heap after GC invocations=11 (full 3):
 PSYoungGen      total 56832K, used 5090K [0x00000000e0000000, 0x00000000e5980000, 0x0000000100000000)
  eden space 51712K, 0% used [0x00000000e0000000,0x00000000e0000000,0x00000000e3280000)
  from space 5120K, 99% used [0x00000000e4100000,0x00000000e45f8930,0x00000000e4600000)
  to   space 14848K, 0% used [0x00000000e3280000,0x00000000e3280000,0x00000000e4100000)
 ParOldGen       total 90112K, used 31661K [0x00000000a0000000, 0x00000000a5800000, 0x00000000e0000000)
  object space 90112K, 35% used [0x00000000a0000000,0x00000000a1eeb610,0x00000000a5800000)
 Metaspace       used 41436K, capacity 42001K, committed 42240K, reserved 1091584K
  class space    used 5233K, capacity 5370K, committed 5376K, reserved 1048576K
}
Event: 15.013 GC heap before
{Heap before GC invocations=12 (full 4):
 PSYoungGen      total 56832K, used 5090K [0x00000000e0000000, 0x00000000e5980000, 0x0000000100000000)
  eden space 51712K, 0% used [0x00000000e0000000,0x00000000e0000000,0x00000000e3280000)
  from space 5120K, 99% used [0x00000000e4100000,0x00000000e45f8930,0x00000000e4600000)
  to   space 14848K, 0% used [0x00000000e3280000,0x00000000e3280000,0x00000000e4100000)
 ParOldGen       total 90112K, used 31661K [0x00000000a0000000, 0x00000000a5800000, 0x00000000e0000000)
  object space 90112K, 35% used [0x00000000a0000000,0x00000000a1eeb610,0x00000000a5800000)
 Metaspace       used 41436K, capacity 42001K, committed 42240K, reserved 1091584K
  class space    used 5233K, capacity 5370K, committed 5376K, reserved 1048576K

