# JRE version: OpenJDK Runtime Environment (8.0_242-b01) (build 1.8.0_242-release-1644-b01)
# Java VM: OpenJDK 64-Bit Server VM (25.242-b01 mixed mode windows-amd64 compressed oops)
Heap:
 PSYoungGen      total 70656K, used 48552K [0x00000000e0000000, 0x00000000e4a00000, 0x0000000100000000)
  eden space 65536K, 66% used [0x00000000e0000000,0x00000000e2a6fe48,0x00000000e4000000)
  from space 5120K, 99% used [0x00000000e4000000,0x00000000e44fa5a0,0x00000000e4500000)
  to   space 5120K, 0% used [0x00000000e4500000,0x00000000e4500000,0x00000000e4a00000)
 ParOldGen       total 66560K, used 26376K [0x00000000a0000000, 0x00000000a4100000, 0x00000000e0000000)
  object space 66560K, 39% used [0x00000000a0000000,0x00000000a19c2188,0x00000000a4100000)
 Metaspace       used 42579K, capacity 43197K, committed 43648K, reserved 1087488K
  class space    used 5343K, capacity 5484K, committed 5504K, reserved 1048576K
GC Heap History (10 events):
Event: 1.772 GC heap before
{Heap before GC invocations=6 (full 2):
 PSYoungGen      total 37888K, used 32768K [0x00000000e0000000, 0x00000000e4a00000, 0x0000000100000000)
  eden space 32768K, 100% used [0x00000000e0000000,0x00000000e2000000,0x00000000e2000000)
  from space 5120K, 0% used [0x00000000e2000000,0x00000000e2000000,0x00000000e2500000)
  to   space 5120K, 0% used [0x00000000e4500000,0x00000000e4500000,0x00000000e4a00000)
 ParOldGen       total 66560K, used 10159K [0x00000000a0000000, 0x00000000a4100000, 0x00000000e0000000)
  object space 66560K, 15% used [0x00000000a0000000,0x00000000a09ebde0,0x00000000a4100000)
 Metaspace       used 24898K, capacity 25414K, committed 25600K, reserved 1071104K
  class space    used 3171K, capacity 3319K, committed 3328K, reserved 1048576K
Event: 1.777 GC heap after
Heap after GC invocations=6 (full 2):
 PSYoungGen      total 51712K, used 5102K [0x00000000e0000000, 0x00000000e4a00000, 0x0000000100000000)
  eden space 46592K, 0% used [0x00000000e0000000,0x00000000e0000000,0x00000000e2d80000)
  from space 5120K, 99% used [0x00000000e4500000,0x00000000e49fb9f0,0x00000000e4a00000)
  to   space 5120K, 0% used [0x00000000e4000000,0x00000000e4000000,0x00000000e4500000)
 ParOldGen       total 66560K, used 12134K [0x00000000a0000000, 0x00000000a4100000, 0x00000000e0000000)
  object space 66560K, 18% used [0x00000000a0000000,0x00000000a0bd9918,0x00000000a4100000)
 Metaspace       used 24898K, capacity 25414K, committed 25600K, reserved 1071104K
  class space    used 3171K, capacity 3319K, committed 3328K, reserved 1048576K
}
Event: 2.481 GC heap before
{Heap before GC invocations=7 (full 2):
 PSYoungGen      total 51712K, used 51694K [0x00000000e0000000, 0x00000000e4a00000, 0x0000000100000000)
  eden space 46592K, 100% used [0x00000000e0000000,0x00000000e2d80000,0x00000000e2d80000)
  from space 5120K, 99% used [0x00000000e4500000,0x00000000e49fb9f0,0x00000000e4a00000)
  to   space 5120K, 0% used [0x00000000e4000000,0x00000000e4000000,0x00000000e4500000)
 ParOldGen       total 66560K, used 12134K [0x00000000a0000000, 0x00000000a4100000, 0x00000000e0000000)
  object space 66560K, 18% used [0x00000000a0000000,0x00000000a0bd9918,0x00000000a4100000)
 Metaspace       used 33249K, capacity 33744K, committed 34176K, reserved 1079296K
  class space    used 4222K, capacity 4358K, committed 4480K, reserved 1048576K
Event: 2.491 GC heap after
Heap after GC invocations=7 (full 2):
 PSYoungGen      total 70656K, used 5105K [0x00000000e0000000, 0x00000000e4a00000, 0x0000000100000000)
  eden space 65536K, 0% used [0x00000000e0000000,0x00000000e0000000,0x00000000e4000000)
  from space 5120K, 99% used [0x00000000e4000000,0x00000000e44fc518,0x00000000e4500000)
  to   space 5120K, 0% used [0x00000000e4500000,0x00000000e4500000,0x00000000e4a00000)
 ParOldGen       total 66560K, used 23433K [0x00000000a0000000, 0x00000000a4100000, 0x00000000e0000000)
  object space 66560K, 35% used [0x00000000a0000000,0x00000000a16e27e8,0x00000000a4100000)
 Metaspace       used 33249K, capacity 33744K, committed 34176K, reserved 1079296K
  class space    used 4222K, capacity 4358K, committed 4480K, reserved 1048576K
}
Event: 2.602 GC heap before
{Heap before GC invocations=8 (full 2):
 PSYoungGen      total 70656K, used 17187K [0x00000000e0000000, 0x00000000e4a00000, 0x0000000100000000)
  eden space 65536K, 18% used [0x00000000e0000000,0x00000000e0bccac8,0x00000000e4000000)
  from space 5120K, 99% used [0x00000000e4000000,0x00000000e44fc518,0x00000000e4500000)
  to   space 5120K, 0% used [0x00000000e4500000,0x00000000e4500000,0x00000000e4a00000)
 ParOldGen       total 66560K, used 23433K [0x00000000a0000000, 0x00000000a4100000, 0x00000000e0000000)
  object space 66560K, 35% used [0x00000000a0000000,0x00000000a16e27e8,0x00000000a4100000)
 Metaspace       used 34698K, capacity 35186K, committed 35496K, reserved 1081344K
  class space    used 4388K, capacity 4533K, committed 4608K, reserved 1048576K
Event: 2.606 GC heap after
Heap after GC invocations=8 (full 2):
 PSYoungGen      total 70656K, used 5102K [0x00000000e0000000, 0x00000000e4a00000, 0x0000000100000000)
  eden space 65536K, 0% used [0x00000000e0000000,0x00000000e0000000,0x00000000e4000000)
  from space 5120K, 99% used [0x00000000e4500000,0x00000000e49fba30,0x00000000e4a00000)
  to   space 5120K, 0% used [0x00000000e4000000,0x00000000e4000000,0x00000000e4500000)
 ParOldGen       total 66560K, used 25594K [0x00000000a0000000, 0x00000000a4100000, 0x00000000e0000000)
  object space 66560K, 38% used [0x00000000a0000000,0x00000000a18fea40,0x00000000a4100000)
 Metaspace       used 34698K, capacity 35186K, committed 35496K, reserved 1081344K
  class space    used 4388K, capacity 4533K, committed 4608K, reserved 1048576K
}
Event: 2.606 GC heap before
{Heap before GC invocations=9 (full 3):
 PSYoungGen      total 70656K, used 5102K [0x00000000e0000000, 0x00000000e4a00000, 0x0000000100000000)
  eden space 65536K, 0% used [0x00000000e0000000,0x00000000e0000000,0x00000000e4000000)
  from space 5120K, 99% used [0x00000000e4500000,0x00000000e49fba30,0x00000000e4a00000)
  to   space 5120K, 0% used [0x00000000e4000000,0x00000000e4000000,0x00000000e4500000)
 ParOldGen       total 66560K, used 25594K [0x00000000a0000000, 0x00000000a4100000, 0x00000000e0000000)
  object space 66560K, 38% used [0x00000000a0000000,0x00000000a18fea40,0x00000000a4100000)
 Metaspace       used 34698K, capacity 35186K, committed 35496K, reserved 1081344K
  class space    used 4388K, capacity 4533K, committed 4608K, reserved 1048576K
Event: 2.653 GC heap after
Heap after GC invocations=9 (full 3):
 PSYoungGen      total 70656K, used 0K [0x00000000e0000000, 0x00000000e4a00000, 0x0000000100000000)
  eden space 65536K, 0% used [0x00000000e0000000,0x00000000e0000000,0x00000000e4000000)
  from space 5120K, 0% used [0x00000000e4500000,0x00000000e4500000,0x00000000e4a00000)
  to   space 5120K, 0% used [0x00000000e4000000,0x00000000e4000000,0x00000000e4500000)
 ParOldGen       total 66560K, used 14084K [0x00000000a0000000, 0x00000000a4100000, 0x00000000e0000000)
  object space 66560K, 21% used [0x00000000a0000000,0x00000000a0dc12e0,0x00000000a4100000)
 Metaspace       used 34698K, capacity 35186K, committed 35496K, reserved 1081344K
  class space    used 4388K, capacity 4533K, committed 4608K, reserved 1048576K
}
Event: 3.243 GC heap before
{Heap before GC invocations=10 (full 3):
 PSYoungGen      total 70656K, used 65536K [0x00000000e0000000, 0x00000000e4a00000, 0x0000000100000000)
  eden space 65536K, 100% used [0x00000000e0000000,0x00000000e4000000,0x00000000e4000000)
  from space 5120K, 0% used [0x00000000e4500000,0x00000000e4500000,0x00000000e4a00000)
  to   space 5120K, 0% used [0x00000000e4000000,0x00000000e4000000,0x00000000e4500000)
 ParOldGen       total 66560K, used 14084K [0x00000000a0000000, 0x00000000a4100000, 0x00000000e0000000)
  object space 66560K, 21% used [0x00000000a0000000,0x00000000a0dc12e0,0x00000000a4100000)
 Metaspace       used 38752K, capacity 39328K, committed 39808K, reserved 1083392K
  class space    used 4807K, capacity 4964K, committed 4992K, reserved 1048576K
Event: 3.254 GC heap after
Heap after GC invocations=10 (full 3):
 PSYoungGen      total 70656K, used 5097K [0x00000000e0000000, 0x00000000e4a00000, 0x0000000100000000)
  eden space 65536K, 0% used [0x00000000e0000000,0x00000000e0000000,0x00000000e4000000)
  from space 5120K, 99% used [0x00000000e4000000,0x00000000e44fa5a0,0x00000000e4500000)
  to   space 5120K, 0% used [0x00000000e4500000,0x00000000e4500000,0x00000000e4a00000)
 ParOldGen       total 66560K, used 26376K [0x00000000a0000000, 0x00000000a4100000, 0x00000000e0000000)
  object space 66560K, 39% used [0x00000000a0000000,0x00000000a19c2188,0x00000000a4100000)
 Metaspace       used 38752K, capacity 39328K, committed 39808K, reserved 1083392K
  class space    used 4807K, capacity 4964K, committed 4992K, reserved 1048576K
}

