# JRE version: OpenJDK Runtime Environment (8.0_242-b01) (build 1.8.0_242-release-1644-b01)
# Java VM: OpenJDK 64-Bit Server VM (25.242-b01 mixed mode windows-amd64 compressed oops)
Heap:
 PSYoungGen      total 70656K, used 22588K [0x00000000d6000000, 0x00000000dea00000, 0x0000000100000000)
  eden space 65536K, 34% used [0x00000000d6000000,0x00000000d760f3e8,0x00000000da000000)
  from space 5120K, 0% used [0x00000000da000000,0x00000000da000000,0x00000000da500000)
  to   space 5120K, 0% used [0x00000000de500000,0x00000000de500000,0x00000000dea00000)
 ParOldGen       total 67072K, used 9751K [0x0000000082000000, 0x0000000086180000, 0x00000000d6000000)
  object space 67072K, 14% used [0x0000000082000000,0x0000000082985ca0,0x0000000086180000)
 Metaspace       used 24305K, capacity 24660K, committed 24832K, reserved 1071104K
  class space    used 3121K, capacity 3256K, committed 3328K, reserved 1048576K
GC Heap History (8 events):
Event: 0.336 GC heap before
{Heap before GC invocations=1 (full 0):
 PSYoungGen      total 37888K, used 32768K [0x00000000d6000000, 0x00000000d8a00000, 0x0000000100000000)
  eden space 32768K, 100% used [0x00000000d6000000,0x00000000d8000000,0x00000000d8000000)
  from space 5120K, 0% used [0x00000000d8500000,0x00000000d8500000,0x00000000d8a00000)
  to   space 5120K, 0% used [0x00000000d8000000,0x00000000d8000000,0x00000000d8500000)
 ParOldGen       total 86016K, used 0K [0x0000000082000000, 0x0000000087400000, 0x00000000d6000000)
  object space 86016K, 0% used [0x0000000082000000,0x0000000082000000,0x0000000087400000)
 Metaspace       used 9134K, capacity 9780K, committed 10112K, reserved 1058816K
  class space    used 1026K, capacity 1072K, committed 1152K, reserved 1048576K
Event: 0.340 GC heap after
Heap after GC invocations=1 (full 0):
 PSYoungGen      total 37888K, used 5110K [0x00000000d6000000, 0x00000000daa00000, 0x0000000100000000)
  eden space 32768K, 0% used [0x00000000d6000000,0x00000000d6000000,0x00000000d8000000)
  from space 5120K, 99% used [0x00000000d8000000,0x00000000d84fda28,0x00000000d8500000)
  to   space 5120K, 0% used [0x00000000da500000,0x00000000da500000,0x00000000daa00000)
 ParOldGen       total 86016K, used 2637K [0x0000000082000000, 0x0000000087400000, 0x00000000d6000000)
  object space 86016K, 3% used [0x0000000082000000,0x0000000082293760,0x0000000087400000)
 Metaspace       used 9134K, capacity 9780K, committed 10112K, reserved 1058816K
  class space    used 1026K, capacity 1072K, committed 1152K, reserved 1048576K
}
Event: 0.647 GC heap before
{Heap before GC invocations=2 (full 0):
 PSYoungGen      total 37888K, used 37878K [0x00000000d6000000, 0x00000000daa00000, 0x0000000100000000)
  eden space 32768K, 100% used [0x00000000d6000000,0x00000000d8000000,0x00000000d8000000)
  from space 5120K, 99% used [0x00000000d8000000,0x00000000d84fda28,0x00000000d8500000)
  to   space 5120K, 0% used [0x00000000da500000,0x00000000da500000,0x00000000daa00000)
 ParOldGen       total 86016K, used 2637K [0x0000000082000000, 0x0000000087400000, 0x00000000d6000000)
  object space 86016K, 3% used [0x0000000082000000,0x0000000082293760,0x0000000087400000)
 Metaspace       used 17600K, capacity 17868K, committed 18176K, reserved 1064960K
  class space    used 2161K, capacity 2244K, committed 2304K, reserved 1048576K
Event: 0.652 GC heap after
Heap after GC invocations=2 (full 0):
 PSYoungGen      total 70656K, used 5105K [0x00000000d6000000, 0x00000000daa00000, 0x0000000100000000)
  eden space 65536K, 0% used [0x00000000d6000000,0x00000000d6000000,0x00000000da000000)
  from space 5120K, 99% used [0x00000000da500000,0x00000000da9fc6e8,0x00000000daa00000)
  to   space 5120K, 0% used [0x00000000da000000,0x00000000da000000,0x00000000da500000)
 ParOldGen       total 86016K, used 7051K [0x0000000082000000, 0x0000000087400000, 0x00000000d6000000)
  object space 86016K, 8% used [0x0000000082000000,0x00000000826e2ec0,0x0000000087400000)
 Metaspace       used 17600K, capacity 17868K, committed 18176K, reserved 1064960K
  class space    used 2161K, capacity 2244K, committed 2304K, reserved 1048576K
}
Event: 0.813 GC heap before
{Heap before GC invocations=3 (full 0):
 PSYoungGen      total 70656K, used 31611K [0x00000000d6000000, 0x00000000daa00000, 0x0000000100000000)
  eden space 65536K, 40% used [0x00000000d6000000,0x00000000d79e2598,0x00000000da000000)
  from space 5120K, 99% used [0x00000000da500000,0x00000000da9fc6e8,0x00000000daa00000)
  to   space 5120K, 0% used [0x00000000da000000,0x00000000da000000,0x00000000da500000)
 ParOldGen       total 86016K, used 7051K [0x0000000082000000, 0x0000000087400000, 0x00000000d6000000)
  object space 86016K, 8% used [0x0000000082000000,0x00000000826e2ec0,0x0000000087400000)
 Metaspace       used 20794K, capacity 21146K, committed 21248K, reserved 1067008K
  class space    used 2664K, capacity 2771K, committed 2816K, reserved 1048576K
Event: 0.819 GC heap after
Heap after GC invocations=3 (full 0):
 PSYoungGen      total 70656K, used 5101K [0x00000000d6000000, 0x00000000dea00000, 0x0000000100000000)
  eden space 65536K, 0% used [0x00000000d6000000,0x00000000d6000000,0x00000000da000000)
  from space 5120K, 99% used [0x00000000da000000,0x00000000da4fb4f8,0x00000000da500000)
  to   space 5120K, 0% used [0x00000000de500000,0x00000000de500000,0x00000000dea00000)
 ParOldGen       total 86016K, used 11809K [0x0000000082000000, 0x0000000087400000, 0x00000000d6000000)
  object space 86016K, 13% used [0x0000000082000000,0x0000000082b886b8,0x0000000087400000)
 Metaspace       used 20794K, capacity 21146K, committed 21248K, reserved 1067008K
  class space    used 2664K, capacity 2771K, committed 2816K, reserved 1048576K
}
Event: 0.819 GC heap before
{Heap before GC invocations=4 (full 1):
 PSYoungGen      total 70656K, used 5101K [0x00000000d6000000, 0x00000000dea00000, 0x0000000100000000)
  eden space 65536K, 0% used [0x00000000d6000000,0x00000000d6000000,0x00000000da000000)
  from space 5120K, 99% used [0x00000000da000000,0x00000000da4fb4f8,0x00000000da500000)
  to   space 5120K, 0% used [0x00000000de500000,0x00000000de500000,0x00000000dea00000)
 ParOldGen       total 86016K, used 11809K [0x0000000082000000, 0x0000000087400000, 0x00000000d6000000)
  object space 86016K, 13% used [0x0000000082000000,0x0000000082b886b8,0x0000000087400000)
 Metaspace       used 20794K, capacity 21146K, committed 21248K, reserved 1067008K
  class space    used 2664K, capacity 2771K, committed 2816K, reserved 1048576K
Event: 0.842 GC heap after
Heap after GC invocations=4 (full 1):
 PSYoungGen      total 70656K, used 0K [0x00000000d6000000, 0x00000000dea00000, 0x0000000100000000)
  eden space 65536K, 0% used [0x00000000d6000000,0x00000000d6000000,0x00000000da000000)
  from space 5120K, 0% used [0x00000000da000000,0x00000000da000000,0x00000000da500000)
  to   space 5120K, 0% used [0x00000000de500000,0x00000000de500000,0x00000000dea00000)
 ParOldGen       total 67072K, used 9751K [0x0000000082000000, 0x0000000086180000, 0x00000000d6000000)
  object space 67072K, 14% used [0x0000000082000000,0x0000000082985ca0,0x0000000086180000)
 Metaspace       used 20794K, capacity 21146K, committed 21248K, reserved 1067008K
  class space    used 2664K, capacity 2771K, committed 2816K, reserved 1048576K
}

