# JRE version: OpenJDK Runtime Environment (8.0_242-b01) (build 1.8.0_242-release-1644-b01)
# Java VM: OpenJDK 64-Bit Server VM (25.242-b01 mixed mode windows-amd64 compressed oops)
Heap:
 PSYoungGen      total 91136K, used 60231K [0x00000000e0000000, 0x00000000e7a00000, 0x0000000100000000)
  eden space 73728K, 58% used [0x00000000e0000000,0x00000000e29d9008,0x00000000e4800000)
  from space 17408K, 99% used [0x00000000e5e00000,0x00000000e6ef8f68,0x00000000e6f00000)
  to   space 22528K, 0% used [0x00000000e4800000,0x00000000e4800000,0x00000000e5e00000)
 ParOldGen       total 84992K, used 22669K [0x00000000a0000000, 0x00000000a5300000, 0x00000000e0000000)
  object space 84992K, 26% used [0x00000000a0000000,0x00000000a1623410,0x00000000a5300000)
 Metaspace       used 45677K, capacity 46373K, committed 46720K, reserved 1089536K
  class space    used 5729K, capacity 5894K, committed 6016K, reserved 1048576K
GC Heap History (10 events):
Event: 7.770 GC heap before
{Heap before GC invocations=7 (full 2):
 PSYoungGen      total 37888K, used 37881K [0x00000000e0000000, 0x00000000e4680000, 0x0000000100000000)
  eden space 32768K, 100% used [0x00000000e0000000,0x00000000e2000000,0x00000000e2000000)
  from space 5120K, 99% used [0x00000000e2500000,0x00000000e29fe4c0,0x00000000e2a00000)
  to   space 5120K, 0% used [0x00000000e2000000,0x00000000e2000000,0x00000000e2500000)
 ParOldGen       total 55808K, used 12323K [0x00000000a0000000, 0x00000000a3680000, 0x00000000e0000000)
  object space 55808K, 22% used [0x00000000a0000000,0x00000000a0c08f48,0x00000000a3680000)
 Metaspace       used 30267K, capacity 30726K, committed 31232K, reserved 1077248K
  class space    used 3834K, capacity 3997K, committed 4096K, reserved 1048576K
Event: 7.779 GC heap after
Heap after GC invocations=7 (full 2):
 PSYoungGen      total 37888K, used 5090K [0x00000000e0000000, 0x00000000e4680000, 0x0000000100000000)
  eden space 32768K, 0% used [0x00000000e0000000,0x00000000e0000000,0x00000000e2000000)
  from space 5120K, 99% used [0x00000000e2000000,0x00000000e24f8ae0,0x00000000e2500000)
  to   space 5120K, 0% used [0x00000000e4180000,0x00000000e4180000,0x00000000e4680000)
 ParOldGen       total 55808K, used 19527K [0x00000000a0000000, 0x00000000a3680000, 0x00000000e0000000)
  object space 55808K, 34% used [0x00000000a0000000,0x00000000a1311c88,0x00000000a3680000)
 Metaspace       used 30267K, capacity 30726K, committed 31232K, reserved 1077248K
  class space    used 3834K, capacity 3997K, committed 4096K, reserved 1048576K
}
Event: 8.070 GC heap before
{Heap before GC invocations=8 (full 2):
 PSYoungGen      total 37888K, used 30122K [0x00000000e0000000, 0x00000000e4680000, 0x0000000100000000)
  eden space 32768K, 76% used [0x00000000e0000000,0x00000000e1871e40,0x00000000e2000000)
  from space 5120K, 99% used [0x00000000e2000000,0x00000000e24f8ae0,0x00000000e2500000)
  to   space 5120K, 0% used [0x00000000e4180000,0x00000000e4180000,0x00000000e4680000)
 ParOldGen       total 55808K, used 19527K [0x00000000a0000000, 0x00000000a3680000, 0x00000000e0000000)
  object space 55808K, 34% used [0x00000000a0000000,0x00000000a1311c88,0x00000000a3680000)
 Metaspace       used 34702K, capacity 35190K, committed 35496K, reserved 1081344K
  class space    used 4390K, capacity 4533K, committed 4608K, reserved 1048576K
Event: 8.078 GC heap after
Heap after GC invocations=8 (full 2):
 PSYoungGen      total 56832K, used 5105K [0x00000000e0000000, 0x00000000e5a80000, 0x0000000100000000)
  eden space 51712K, 0% used [0x00000000e0000000,0x00000000e0000000,0x00000000e3280000)
  from space 5120K, 99% used [0x00000000e4180000,0x00000000e467c518,0x00000000e4680000)
  to   space 15360K, 0% used [0x00000000e3280000,0x00000000e3280000,0x00000000e4180000)
 ParOldGen       total 55808K, used 25757K [0x00000000a0000000, 0x00000000a3680000, 0x00000000e0000000)
  object space 55808K, 46% used [0x00000000a0000000,0x00000000a1927470,0x00000000a3680000)
 Metaspace       used 34702K, capacity 35190K, committed 35496K, reserved 1081344K
  class space    used 4390K, capacity 4533K, committed 4608K, reserved 1048576K
}
Event: 8.078 GC heap before
{Heap before GC invocations=9 (full 3):
 PSYoungGen      total 56832K, used 5105K [0x00000000e0000000, 0x00000000e5a80000, 0x0000000100000000)
  eden space 51712K, 0% used [0x00000000e0000000,0x00000000e0000000,0x00000000e3280000)
  from space 5120K, 99% used [0x00000000e4180000,0x00000000e467c518,0x00000000e4680000)
  to   space 15360K, 0% used [0x00000000e3280000,0x00000000e3280000,0x00000000e4180000)
 ParOldGen       total 55808K, used 25757K [0x00000000a0000000, 0x00000000a3680000, 0x00000000e0000000)
  object space 55808K, 46% used [0x00000000a0000000,0x00000000a1927470,0x00000000a3680000)
 Metaspace       used 34702K, capacity 35190K, committed 35496K, reserved 1081344K
  class space    used 4390K, capacity 4533K, committed 4608K, reserved 1048576K
Event: 8.113 GC heap after
Heap after GC invocations=9 (full 3):
 PSYoungGen      total 56832K, used 0K [0x00000000e0000000, 0x00000000e5a80000, 0x0000000100000000)
  eden space 51712K, 0% used [0x00000000e0000000,0x00000000e0000000,0x00000000e3280000)
  from space 5120K, 0% used [0x00000000e4180000,0x00000000e4180000,0x00000000e4680000)
  to   space 15360K, 0% used [0x00000000e3280000,0x00000000e3280000,0x00000000e4180000)
 ParOldGen       total 84992K, used 16980K [0x00000000a0000000, 0x00000000a5300000, 0x00000000e0000000)
  object space 84992K, 19% used [0x00000000a0000000,0x00000000a10951e8,0x00000000a5300000)
 Metaspace       used 34702K, capacity 35190K, committed 35496K, reserved 1081344K
  class space    used 4390K, capacity 4533K, committed 4608K, reserved 1048576K
}
Event: 8.560 GC heap before
{Heap before GC invocations=10 (full 3):
 PSYoungGen      total 56832K, used 51712K [0x00000000e0000000, 0x00000000e5a80000, 0x0000000100000000)
  eden space 51712K, 100% used [0x00000000e0000000,0x00000000e3280000,0x00000000e3280000)
  from space 5120K, 0% used [0x00000000e4180000,0x00000000e4180000,0x00000000e4680000)
  to   space 15360K, 0% used [0x00000000e3280000,0x00000000e3280000,0x00000000e4180000)
 ParOldGen       total 84992K, used 16980K [0x00000000a0000000, 0x00000000a5300000, 0x00000000e0000000)
  object space 84992K, 19% used [0x00000000a0000000,0x00000000a10951e8,0x00000000a5300000)
 Metaspace       used 38143K, capacity 38696K, committed 39040K, reserved 1083392K
  class space    used 4788K, capacity 4930K, committed 4992K, reserved 1048576K
Event: 8.569 GC heap after
Heap after GC invocations=10 (full 3):
 PSYoungGen      total 67072K, used 14997K [0x00000000e0000000, 0x00000000e6f00000, 0x0000000100000000)
  eden space 51712K, 0% used [0x00000000e0000000,0x00000000e0000000,0x00000000e3280000)
  from space 15360K, 97% used [0x00000000e3280000,0x00000000e41254a0,0x00000000e4180000)
  to   space 17408K, 0% used [0x00000000e5e00000,0x00000000e5e00000,0x00000000e6f00000)
 ParOldGen       total 84992K, used 16988K [0x00000000a0000000, 0x00000000a5300000, 0x00000000e0000000)
  object space 84992K, 19% used [0x00000000a0000000,0x00000000a10971e8,0x00000000a5300000)
 Metaspace       used 38143K, capacity 38696K, committed 39040K, reserved 1083392K
  class space    used 4788K, capacity 4930K, committed 4992K, reserved 1048576K
}
Event: 9.155 GC heap before
{Heap before GC invocations=11 (full 3):
 PSYoungGen      total 67072K, used 66709K [0x00000000e0000000, 0x00000000e6f00000, 0x0000000100000000)
  eden space 51712K, 100% used [0x00000000e0000000,0x00000000e3280000,0x00000000e3280000)
  from space 15360K, 97% used [0x00000000e3280000,0x00000000e41254a0,0x00000000e4180000)
  to   space 17408K, 0% used [0x00000000e5e00000,0x00000000e5e00000,0x00000000e6f00000)
 ParOldGen       total 84992K, used 16988K [0x00000000a0000000, 0x00000000a5300000, 0x00000000e0000000)
  object space 84992K, 19% used [0x00000000a0000000,0x00000000a10971e8,0x00000000a5300000)
 Metaspace       used 42137K, capacity 42731K, committed 43136K, reserved 1087488K
  class space    used 5285K, capacity 5441K, committed 5504K, reserved 1048576K
Event: 9.171 GC heap after
Heap after GC invocations=11 (full 3):
 PSYoungGen      total 91136K, used 17379K [0x00000000e0000000, 0x00000000e7a00000, 0x0000000100000000)
  eden space 73728K, 0% used [0x00000000e0000000,0x00000000e0000000,0x00000000e4800000)
  from space 17408K, 99% used [0x00000000e5e00000,0x00000000e6ef8f68,0x00000000e6f00000)
  to   space 22528K, 0% used [0x00000000e4800000,0x00000000e4800000,0x00000000e5e00000)
 ParOldGen       total 84992K, used 22669K [0x00000000a0000000, 0x00000000a5300000, 0x00000000e0000000)
  object space 84992K, 26% used [0x00000000a0000000,0x00000000a1623410,0x00000000a5300000)
 Metaspace       used 42137K, capacity 42731K, committed 43136K, reserved 1087488K
  class space    used 5285K, capacity 5441K, committed 5504K, reserved 1048576K
}

