# JRE version: OpenJDK Runtime Environment (8.0_242-b01) (build 1.8.0_242-release-1644-b01)
# Java VM: OpenJDK 64-Bit Server VM (25.242-b01 mixed mode windows-amd64 compressed oops)
Heap:
 PSYoungGen      total 99328K, used 86262K [0x00000000d6000000, 0x00000000dea00000, 0x0000000100000000)
  eden space 94208K, 91% used [0x00000000d6000000,0x00000000db43d880,0x00000000dbc00000)
  from space 5120K, 0% used [0x00000000de000000,0x00000000de000000,0x00000000de500000)
  to   space 5120K, 0% used [0x00000000de500000,0x00000000de500000,0x00000000dea00000)
 ParOldGen       total 66560K, used 26535K [0x0000000082000000, 0x0000000086100000, 0x00000000d6000000)
  object space 66560K, 39% used [0x0000000082000000,0x00000000839e9f38,0x0000000086100000)
 Metaspace       used 42204K, capacity 42827K, committed 43352K, reserved 1089536K
  class space    used 5297K, capacity 5478K, committed 5504K, reserved 1048576K
GC Heap History (10 events):
Event: 0.831 GC heap before
{Heap before GC invocations=3 (full 0):
 PSYoungGen      total 70656K, used 31636K [0x00000000d6000000, 0x00000000daa00000, 0x0000000100000000)
  eden space 65536K, 40% used [0x00000000d6000000,0x00000000d79e5f48,0x00000000da000000)
  from space 5120K, 99% used [0x00000000da500000,0x00000000da9ff260,0x00000000daa00000)
  to   space 5120K, 0% used [0x00000000da000000,0x00000000da000000,0x00000000da500000)
 ParOldGen       total 86016K, used 7034K [0x0000000082000000, 0x0000000087400000, 0x00000000d6000000)
  object space 86016K, 8% used [0x0000000082000000,0x00000000826de9b8,0x0000000087400000)
 Metaspace       used 20782K, capacity 21146K, committed 21248K, reserved 1067008K
  class space    used 2662K, capacity 2771K, committed 2816K, reserved 1048576K
Event: 0.837 GC heap after
Heap after GC invocations=3 (full 0):
 PSYoungGen      total 70656K, used 5117K [0x00000000d6000000, 0x00000000dea00000, 0x0000000100000000)
  eden space 65536K, 0% used [0x00000000d6000000,0x00000000d6000000,0x00000000da000000)
  from space 5120K, 99% used [0x00000000da000000,0x00000000da4ff508,0x00000000da500000)
  to   space 5120K, 0% used [0x00000000de500000,0x00000000de500000,0x00000000dea00000)
 ParOldGen       total 86016K, used 11725K [0x0000000082000000, 0x0000000087400000, 0x00000000d6000000)
  object space 86016K, 13% used [0x0000000082000000,0x0000000082b73718,0x0000000087400000)
 Metaspace       used 20782K, capacity 21146K, committed 21248K, reserved 1067008K
  class space    used 2662K, capacity 2771K, committed 2816K, reserved 1048576K
}
Event: 0.837 GC heap before
{Heap before GC invocations=4 (full 1):
 PSYoungGen      total 70656K, used 5117K [0x00000000d6000000, 0x00000000dea00000, 0x0000000100000000)
  eden space 65536K, 0% used [0x00000000d6000000,0x00000000d6000000,0x00000000da000000)
  from space 5120K, 99% used [0x00000000da000000,0x00000000da4ff508,0x00000000da500000)
  to   space 5120K, 0% used [0x00000000de500000,0x00000000de500000,0x00000000dea00000)
 ParOldGen       total 86016K, used 11725K [0x0000000082000000, 0x0000000087400000, 0x00000000d6000000)
  object space 86016K, 13% used [0x0000000082000000,0x0000000082b73718,0x0000000087400000)
 Metaspace       used 20782K, capacity 21146K, committed 21248K, reserved 1067008K
  class space    used 2662K, capacity 2771K, committed 2816K, reserved 1048576K
Event: 0.860 GC heap after
Heap after GC invocations=4 (full 1):
 PSYoungGen      total 70656K, used 0K [0x00000000d6000000, 0x00000000dea00000, 0x0000000100000000)
  eden space 65536K, 0% used [0x00000000d6000000,0x00000000d6000000,0x00000000da000000)
  from space 5120K, 0% used [0x00000000da000000,0x00000000da000000,0x00000000da500000)
  to   space 5120K, 0% used [0x00000000de500000,0x00000000de500000,0x00000000dea00000)
 ParOldGen       total 66560K, used 9713K [0x0000000082000000, 0x0000000086100000, 0x00000000d6000000)
  object space 66560K, 14% used [0x0000000082000000,0x000000008297c450,0x0000000086100000)
 Metaspace       used 20782K, capacity 21146K, committed 21248K, reserved 1067008K
  class space    used 2662K, capacity 2771K, committed 2816K, reserved 1048576K
}
Event: 1.484 GC heap before
{Heap before GC invocations=5 (full 1):
 PSYoungGen      total 70656K, used 65536K [0x00000000d6000000, 0x00000000dea00000, 0x0000000100000000)
  eden space 65536K, 100% used [0x00000000d6000000,0x00000000da000000,0x00000000da000000)
  from space 5120K, 0% used [0x00000000da000000,0x00000000da000000,0x00000000da500000)
  to   space 5120K, 0% used [0x00000000de500000,0x00000000de500000,0x00000000dea00000)
 ParOldGen       total 66560K, used 9713K [0x0000000082000000, 0x0000000086100000, 0x00000000d6000000)
  object space 66560K, 14% used [0x0000000082000000,0x000000008297c450,0x0000000086100000)
 Metaspace       used 31802K, capacity 32358K, committed 32640K, reserved 1077248K
  class space    used 4035K, capacity 4185K, committed 4224K, reserved 1048576K
Event: 1.494 GC heap after
Heap after GC invocations=5 (full 1):
 PSYoungGen      total 99328K, used 5088K [0x00000000d6000000, 0x00000000dea00000, 0x0000000100000000)
  eden space 94208K, 0% used [0x00000000d6000000,0x00000000d6000000,0x00000000dbc00000)
  from space 5120K, 99% used [0x00000000de500000,0x00000000de9f8020,0x00000000dea00000)
  to   space 5120K, 0% used [0x00000000de000000,0x00000000de000000,0x00000000de500000)
 ParOldGen       total 66560K, used 22074K [0x0000000082000000, 0x0000000086100000, 0x00000000d6000000)
  object space 66560K, 33% used [0x0000000082000000,0x000000008358ebc8,0x0000000086100000)
 Metaspace       used 31802K, capacity 32358K, committed 32640K, reserved 1077248K
  class space    used 4035K, capacity 4185K, committed 4224K, reserved 1048576K
}
Event: 1.901 GC heap before
{Heap before GC invocations=6 (full 1):
 PSYoungGen      total 99328K, used 59823K [0x00000000d6000000, 0x00000000dea00000, 0x0000000100000000)
  eden space 94208K, 58% used [0x00000000d6000000,0x00000000d9573cf0,0x00000000dbc00000)
  from space 5120K, 99% used [0x00000000de500000,0x00000000de9f8020,0x00000000dea00000)
  to   space 5120K, 0% used [0x00000000de000000,0x00000000de000000,0x00000000de500000)
 ParOldGen       total 66560K, used 22074K [0x0000000082000000, 0x0000000086100000, 0x00000000d6000000)
  object space 66560K, 33% used [0x0000000082000000,0x000000008358ebc8,0x0000000086100000)
 Metaspace       used 34651K, capacity 35148K, committed 35416K, reserved 1081344K
  class space    used 4313K, capacity 4448K, committed 4480K, reserved 1048576K
Event: 1.913 GC heap after
Heap after GC invocations=6 (full 1):
 PSYoungGen      total 99328K, used 5088K [0x00000000d6000000, 0x00000000dea00000, 0x0000000100000000)
  eden space 94208K, 0% used [0x00000000d6000000,0x00000000d6000000,0x00000000dbc00000)
  from space 5120K, 99% used [0x00000000de000000,0x00000000de4f8020,0x00000000de500000)
  to   space 5120K, 0% used [0x00000000de500000,0x00000000de500000,0x00000000dea00000)
 ParOldGen       total 66560K, used 36679K [0x0000000082000000, 0x0000000086100000, 0x00000000d6000000)
  object space 66560K, 55% used [0x0000000082000000,0x00000000843d1ee0,0x0000000086100000)
 Metaspace       used 34651K, capacity 35148K, committed 35416K, reserved 1081344K
  class space    used 4313K, capacity 4448K, committed 4480K, reserved 1048576K
}
Event: 1.913 GC heap before
{Heap before GC invocations=7 (full 2):
 PSYoungGen      total 99328K, used 5088K [0x00000000d6000000, 0x00000000dea00000, 0x0000000100000000)
  eden space 94208K, 0% used [0x00000000d6000000,0x00000000d6000000,0x00000000dbc00000)
  from space 5120K, 99% used [0x00000000de000000,0x00000000de4f8020,0x00000000de500000)
  to   space 5120K, 0% used [0x00000000de500000,0x00000000de500000,0x00000000dea00000)
 ParOldGen       total 66560K, used 36679K [0x0000000082000000, 0x0000000086100000, 0x00000000d6000000)
  object space 66560K, 55% used [0x0000000082000000,0x00000000843d1ee0,0x0000000086100000)
 Metaspace       used 34651K, capacity 35148K, committed 35416K, reserved 1081344K
  class space    used 4313K, capacity 4448K, committed 4480K, reserved 1048576K
Event: 1.965 GC heap after
Heap after GC invocations=7 (full 2):
 PSYoungGen      total 99328K, used 0K [0x00000000d6000000, 0x00000000dea00000, 0x0000000100000000)
  eden space 94208K, 0% used [0x00000000d6000000,0x00000000d6000000,0x00000000dbc00000)
  from space 5120K, 0% used [0x00000000de000000,0x00000000de000000,0x00000000de500000)
  to   space 5120K, 0% used [0x00000000de500000,0x00000000de500000,0x00000000dea00000)
 ParOldGen       total 66560K, used 26535K [0x0000000082000000, 0x0000000086100000, 0x00000000d6000000)
  object space 66560K, 39% used [0x0000000082000000,0x00000000839e9f38,0x0000000086100000)
 Metaspace       used 34651K, capacity 35148K, committed 35416K, reserved 1081344K
  class space    used 4313K, capacity 4448K, committed 4480K, reserved 1048576K
}

