# JRE version: OpenJDK Runtime Environment (8.0_242-b01) (build 1.8.0_242-release-1644-b01)
# Java VM: OpenJDK 64-Bit Server VM (25.242-b01 mixed mode windows-amd64 compressed oops)
Heap:
 PSYoungGen      total 105984K, used 56914K [0x00000000e0000000, 0x00000000e6f80000, 0x0000000100000000)
  eden space 98304K, 57% used [0x00000000e0000000,0x00000000e3794a98,0x00000000e6000000)
  from space 7680K, 0% used [0x00000000e6000000,0x00000000e6000000,0x00000000e6780000)
  to   space 7680K, 0% used [0x00000000e6800000,0x00000000e6800000,0x00000000e6f80000)
 ParOldGen       total 153088K, used 21720K [0x00000000a0000000, 0x00000000a9580000, 0x00000000e0000000)
  object space 153088K, 14% used [0x00000000a0000000,0x00000000a15363d8,0x00000000a9580000)
 Metaspace       used 39342K, capacity 39931K, committed 40488K, reserved 1085440K
  class space    used 4933K, capacity 5098K, committed 5168K, reserved 1048576K
GC Heap History (10 events):
Event: 1.640 GC heap before
{Heap before GC invocations=4 (full 1):
 PSYoungGen      total 56832K, used 26643K [0x00000000e0000000, 0x00000000e6f00000, 0x0000000100000000)
  eden space 49152K, 38% used [0x00000000e0000000,0x00000000e128c520,0x00000000e3000000)
  from space 7680K, 99% used [0x00000000e3780000,0x00000000e3ef8910,0x00000000e3f00000)
  to   space 7680K, 0% used [0x00000000e3000000,0x00000000e3000000,0x00000000e3780000)
 ParOldGen       total 130048K, used 6256K [0x00000000a0000000, 0x00000000a7f00000, 0x00000000e0000000)
  object space 130048K, 4% used [0x00000000a0000000,0x00000000a061c090,0x00000000a7f00000)
 Metaspace       used 20806K, capacity 21156K, committed 21296K, reserved 1069056K
  class space    used 2489K, capacity 2582K, committed 2608K, reserved 1048576K
Event: 1.646 GC heap after
Heap after GC invocations=4 (full 1):
 PSYoungGen      total 56832K, used 7654K [0x00000000e0000000, 0x00000000e6f00000, 0x0000000100000000)
  eden space 49152K, 0% used [0x00000000e0000000,0x00000000e0000000,0x00000000e3000000)
  from space 7680K, 99% used [0x00000000e3000000,0x00000000e3779b68,0x00000000e3780000)
  to   space 7680K, 0% used [0x00000000e6780000,0x00000000e6780000,0x00000000e6f00000)
 ParOldGen       total 130048K, used 7219K [0x00000000a0000000, 0x00000000a7f00000, 0x00000000e0000000)
  object space 130048K, 5% used [0x00000000a0000000,0x00000000a070ce38,0x00000000a7f00000)
 Metaspace       used 20806K, capacity 21156K, committed 21296K, reserved 1069056K
  class space    used 2489K, capacity 2582K, committed 2608K, reserved 1048576K
}
Event: 1.646 GC heap before
{Heap before GC invocations=5 (full 2):
 PSYoungGen      total 56832K, used 7654K [0x00000000e0000000, 0x00000000e6f00000, 0x0000000100000000)
  eden space 49152K, 0% used [0x00000000e0000000,0x00000000e0000000,0x00000000e3000000)
  from space 7680K, 99% used [0x00000000e3000000,0x00000000e3779b68,0x00000000e3780000)
  to   space 7680K, 0% used [0x00000000e6780000,0x00000000e6780000,0x00000000e6f00000)
 ParOldGen       total 130048K, used 7219K [0x00000000a0000000, 0x00000000a7f00000, 0x00000000e0000000)
  object space 130048K, 5% used [0x00000000a0000000,0x00000000a070ce38,0x00000000a7f00000)
 Metaspace       used 20806K, capacity 21156K, committed 21296K, reserved 1069056K
  class space    used 2489K, capacity 2582K, committed 2608K, reserved 1048576K
Event: 1.675 GC heap after
Heap after GC invocations=5 (full 2):
 PSYoungGen      total 56832K, used 0K [0x00000000e0000000, 0x00000000e6f00000, 0x0000000100000000)
  eden space 49152K, 0% used [0x00000000e0000000,0x00000000e0000000,0x00000000e3000000)
  from space 7680K, 0% used [0x00000000e3000000,0x00000000e3000000,0x00000000e3780000)
  to   space 7680K, 0% used [0x00000000e6780000,0x00000000e6780000,0x00000000e6f00000)
 ParOldGen       total 89088K, used 9804K [0x00000000a0000000, 0x00000000a5700000, 0x00000000e0000000)
  object space 89088K, 11% used [0x00000000a0000000,0x00000000a0993258,0x00000000a5700000)
 Metaspace       used 20806K, capacity 21156K, committed 21296K, reserved 1069056K
  class space    used 2489K, capacity 2582K, committed 2608K, reserved 1048576K
}
Event: 2.576 GC heap before
{Heap before GC invocations=6 (full 2):
 PSYoungGen      total 56832K, used 49152K [0x00000000e0000000, 0x00000000e6f00000, 0x0000000100000000)
  eden space 49152K, 100% used [0x00000000e0000000,0x00000000e3000000,0x00000000e3000000)
  from space 7680K, 0% used [0x00000000e3000000,0x00000000e3000000,0x00000000e3780000)
  to   space 7680K, 0% used [0x00000000e6780000,0x00000000e6780000,0x00000000e6f00000)
 ParOldGen       total 89088K, used 9804K [0x00000000a0000000, 0x00000000a5700000, 0x00000000e0000000)
  object space 89088K, 11% used [0x00000000a0000000,0x00000000a0993258,0x00000000a5700000)
 Metaspace       used 27986K, capacity 28445K, committed 28848K, reserved 1075200K
  class space    used 3546K, capacity 3705K, committed 3760K, reserved 1048576K
Event: 2.586 GC heap after
Heap after GC invocations=6 (full 2):
 PSYoungGen      total 78336K, used 7675K [0x00000000e0000000, 0x00000000e6f00000, 0x0000000100000000)
  eden space 70656K, 0% used [0x00000000e0000000,0x00000000e0000000,0x00000000e4500000)
  from space 7680K, 99% used [0x00000000e6780000,0x00000000e6efedf8,0x00000000e6f00000)
  to   space 7680K, 0% used [0x00000000e6000000,0x00000000e6000000,0x00000000e6780000)
 ParOldGen       total 89088K, used 13347K [0x00000000a0000000, 0x00000000a5700000, 0x00000000e0000000)
  object space 89088K, 14% used [0x00000000a0000000,0x00000000a0d08e90,0x00000000a5700000)
 Metaspace       used 27986K, capacity 28445K, committed 28848K, reserved 1075200K
  class space    used 3546K, capacity 3705K, committed 3760K, reserved 1048576K
}
Event: 3.884 GC heap before
{Heap before GC invocations=7 (full 2):
 PSYoungGen      total 78336K, used 50470K [0x00000000e0000000, 0x00000000e6f00000, 0x0000000100000000)
  eden space 70656K, 60% used [0x00000000e0000000,0x00000000e29cac58,0x00000000e4500000)
  from space 7680K, 99% used [0x00000000e6780000,0x00000000e6efedf8,0x00000000e6f00000)
  to   space 7680K, 0% used [0x00000000e6000000,0x00000000e6000000,0x00000000e6780000)
 ParOldGen       total 89088K, used 13347K [0x00000000a0000000, 0x00000000a5700000, 0x00000000e0000000)
  object space 89088K, 14% used [0x00000000a0000000,0x00000000a0d08e90,0x00000000a5700000)
 Metaspace       used 34618K, capacity 35145K, committed 35496K, reserved 1081344K
  class space    used 4356K, capacity 4517K, committed 4528K, reserved 1048576K
Event: 3.894 GC heap after
Heap after GC invocations=7 (full 2):
 PSYoungGen      total 105984K, used 7675K [0x00000000e0000000, 0x00000000e6f80000, 0x0000000100000000)
  eden space 98304K, 0% used [0x00000000e0000000,0x00000000e0000000,0x00000000e6000000)
  from space 7680K, 99% used [0x00000000e6000000,0x00000000e677efe8,0x00000000e6780000)
  to   space 7680K, 0% used [0x00000000e6800000,0x00000000e6800000,0x00000000e6f80000)
 ParOldGen       total 89088K, used 21454K [0x00000000a0000000, 0x00000000a5700000, 0x00000000e0000000)
  object space 89088K, 24% used [0x00000000a0000000,0x00000000a14f3868,0x00000000a5700000)
 Metaspace       used 34618K, capacity 35145K, committed 35496K, reserved 1081344K
  class space    used 4356K, capacity 4517K, committed 4528K, reserved 1048576K
}
Event: 3.894 GC heap before
{Heap before GC invocations=8 (full 3):
 PSYoungGen      total 105984K, used 7675K [0x00000000e0000000, 0x00000000e6f80000, 0x0000000100000000)
  eden space 98304K, 0% used [0x00000000e0000000,0x00000000e0000000,0x00000000e6000000)
  from space 7680K, 99% used [0x00000000e6000000,0x00000000e677efe8,0x00000000e6780000)
  to   space 7680K, 0% used [0x00000000e6800000,0x00000000e6800000,0x00000000e6f80000)
 ParOldGen       total 89088K, used 21454K [0x00000000a0000000, 0x00000000a5700000, 0x00000000e0000000)
  object space 89088K, 24% used [0x00000000a0000000,0x00000000a14f3868,0x00000000a5700000)
 Metaspace       used 34618K, capacity 35145K, committed 35496K, reserved 1081344K
  class space    used 4356K, capacity 4517K, committed 4528K, reserved 1048576K
Event: 3.961 GC heap after
Heap after GC invocations=8 (full 3):
 PSYoungGen      total 105984K, used 0K [0x00000000e0000000, 0x00000000e6f80000, 0x0000000100000000)
  eden space 98304K, 0% used [0x00000000e0000000,0x00000000e0000000,0x00000000e6000000)
  from space 7680K, 0% used [0x00000000e6000000,0x00000000e6000000,0x00000000e6780000)
  to   space 7680K, 0% used [0x00000000e6800000,0x00000000e6800000,0x00000000e6f80000)
 ParOldGen       total 153088K, used 21720K [0x00000000a0000000, 0x00000000a9580000, 0x00000000e0000000)
  object space 153088K, 14% used [0x00000000a0000000,0x00000000a15363d8,0x00000000a9580000)
 Metaspace       used 34618K, capacity 35145K, committed 35496K, reserved 1081344K
  class space    used 4356K, capacity 4517K, committed 4528K, reserved 1048576K
}

